AGREGAR_USUARIO usuario1 u1@users.com -> Realizado el 3-3-2016 a las 1:46:16
MOSTRAR_USUARIOS -> Realizado el 3-3-2016 a las 1:46:22
SALIR -> Realizado el 3-3-2016 a las 1:49:18
AGREGAR_USUARIO usuario2 u2@users.com -> Realizado el 3-3-2016 a las 1:50:30
MOSTRAR_USUARIOS -> Realizado el 3-3-2016 a las 1:51:2
SALIR -> Realizado el 3-3-2016 a las 1:51:27
MOSTRAR_USUARIOS -> Realizado el 3-3-2016 a las 1:59:29
AGREGAR_USUARIO usuario2 u2@users.com -> Realizado el 3-3-2016 a las 2:0:0
MOSTRAR_USUARIOS -> Realizado el 3-3-2016 a las 2:1:19
AGREGAR_USUARIO usuario1 u1@users.com -> Realizado el 3-3-2016 a las 2:2:17
AGREGAR_USUARIO usuario3 u3@users.com -> Realizado el 3-3-2016 a las 2:2:17
AGREGAR_USUARIO usuario4 u4@users.com -> Realizado el 3-3-2016 a las 2:2:17
AGREGAR_USUARIO usuario5 u5@users.com -> Realizado el 3-3-2016 a las 2:2:17
MOSTRAR_USUARIOS -> Realizado el 3-3-2016 a las 2:2:44
MOSTRAR_USUARIOS -> Realizado el 3-3-2016 a las 2:5:33
MOSTRAR_USUARIOS -> Realizado el 3-3-2016 a las 3:57:0
SALIR -> Realizado el 3-3-2016 a las 3:57:9
AGREGAR_USUARIO usuario1 u1_password -> Realizado el 3-3-2016 a las 3:57:15
AGREGAR_USUARIO usuario2 u2_password -> Realizado el 3-3-2016 a las 3:57:15
AGREGAR_USUARIO usuario3 u3_password -> Realizado el 3-3-2016 a las 3:57:15
AGREGAR_USUARIO usuario4 u4_password -> Realizado el 3-3-2016 a las 3:57:15
AGREGAR_USUARIO usuario5 u5_password -> Realizado el 3-3-2016 a las 3:57:15
AGREGAR_USUARIO usuario6 u6_password -> Realizado el 3-3-2016 a las 3:57:15
MOSTRAR_USUARIOS -> Realizado el 3-3-2016 a las 3:57:22
AGREGAR_USUARIO usuario1 u1_password -> Realizado el 3-3-2016 a las 4:11:19
AGREGAR_USUARIO usuario2 u2_password -> Realizado el 3-3-2016 a las 4:11:19
AGREGAR_USUARIO usuario3 u3_password -> Realizado el 3-3-2016 a las 4:11:19
AGREGAR_USUARIO usuario4 u4_password -> Realizado el 3-3-2016 a las 4:11:19
AGREGAR_USUARIO usuario5 u5_password -> Realizado el 3-3-2016 a las 4:11:19
AGREGAR_USUARIO usuario6 u6_password -> Realizado el 3-3-2016 a las 4:11:19
MOSTRAR_USUARIOS -> Realizado el 3-3-2016 a las 4:11:24
MOSTRAR_USUARIOS -> Realizado el 3-3-2016 a las 4:12:26
AGREGAR_USUARIO usuario1 u1_password -> Realizado el 3-3-2016 a las 4:14:15
AGREGAR_USUARIO usuario2 u2_password -> Realizado el 3-3-2016 a las 4:14:15
AGREGAR_USUARIO usuario3 u3_password -> Realizado el 3-3-2016 a las 4:14:15
AGREGAR_USUARIO usuario4 u4_password -> Realizado el 3-3-2016 a las 4:14:15
AGREGAR_USUARIO usuario5 u5_password -> Realizado el 3-3-2016 a las 4:14:15
AGREGAR_USUARIO usuario6 u6_password -> Realizado el 3-3-2016 a las 4:14:15
MOSTRAR_USUARIOS -> Realizado el 3-3-2016 a las 4:14:21
MOSTRAR_USUARIOS -> Realizado el 3-3-2016 a las 4:14:53
MOSTRAR_USUARIOS -> Realizado el 3-3-2016 a las 4:16:2
MOSTRAR_USUARIOS -> Realizado el 3-3-2016 a las 4:16:37
AGREGAR_USUARIO usuario1 u1_password -> Realizado el 3-3-2016 a las 4:19:1
AGREGAR_USUARIO usuario2 u2_password -> Realizado el 3-3-2016 a las 4:19:1
AGREGAR_USUARIO usuario3 u3_password -> Realizado el 3-3-2016 a las 4:19:1
AGREGAR_USUARIO usuario4 u4_password -> Realizado el 3-3-2016 a las 4:19:1
AGREGAR_USUARIO usuario5 u5_password -> Realizado el 3-3-2016 a las 4:19:1
AGREGAR_USUARIO usuario6 u6_password -> Realizado el 3-3-2016 a las 4:19:1
MOSTRAR_USUARIOS -> Realizado el 3-3-2016 a las 4:19:8
AGREGAR_USUARIO usuario1 u1password -> Realizado el 3-3-2016 a las 4:21:52
AGREGAR_USUARIO usuario2 u2password -> Realizado el 3-3-2016 a las 4:21:52
AGREGAR_USUARIO usuario3 u3password -> Realizado el 3-3-2016 a las 4:21:52
AGREGAR_USUARIO usuario4 u4password -> Realizado el 3-3-2016 a las 4:21:52
AGREGAR_USUARIO usuario5 u5password -> Realizado el 3-3-2016 a las 4:21:52
AGREGAR_USUARIO usuario6 u6password -> Realizado el 3-3-2016 a las 4:21:52
MOSTRAR_USUARIOS -> Realizado el 3-3-2016 a las 4:21:56
MOSTRAR_USUARIOS -> Realizado el 3-3-2016 a las 4:23:25
AGREGAR_USUARIO usuario1 u1password -> Realizado el 3-3-2016 a las 4:33:43
AGREGAR_USUARIO usuario2 u2password -> Realizado el 3-3-2016 a las 4:33:43
AGREGAR_USUARIO usuario3 u3password -> Realizado el 3-3-2016 a las 4:33:43
AGREGAR_USUARIO usuario4 u4password -> Realizado el 3-3-2016 a las 4:33:43
AGREGAR_USUARIO usuario5 u5password -> Realizado el 3-3-2016 a las 4:33:43
AGREGAR_USUARIO usuario6 u6password -> Realizado el 3-3-2016 a las 4:33:43
MOSTRAR_USUARIOS -> Realizado el 3-3-2016 a las 4:33:48
MOSTRAR_USUARIOS -> Realizado el 3-3-2016 a las 4:34:25
AGREGAR_USUARIO usuario1 u1password -> Realizado el 3-3-2016 a las 4:36:57
AGREGAR_USUARIO usuario2 u2password -> Realizado el 3-3-2016 a las 4:36:57
AGREGAR_USUARIO usuario3 u3password -> Realizado el 3-3-2016 a las 4:36:57
AGREGAR_USUARIO usuario4 u4password -> Realizado el 3-3-2016 a las 4:36:57
AGREGAR_USUARIO usuario5 u5password -> Realizado el 3-3-2016 a las 4:36:57
AGREGAR_USUARIO usuario6 u6password -> Realizado el 3-3-2016 a las 4:36:57
MOSTRAR_USUARIOS -> Realizado el 3-3-2016 a las 4:37:4
AGREGAR_USUARIO usuario1 u1password -> Realizado el 3-3-2016 a las 4:38:17
AGREGAR_USUARIO usuario2 u2password -> Realizado el 3-3-2016 a las 4:38:17
AGREGAR_USUARIO usuario3 u3password -> Realizado el 3-3-2016 a las 4:38:17
AGREGAR_USUARIO usuario4 u4password -> Realizado el 3-3-2016 a las 4:38:17
AGREGAR_USUARIO usuario5 u5password -> Realizado el 3-3-2016 a las 4:38:17
AGREGAR_USUARIO usuario6 u6password -> Realizado el 3-3-2016 a las 4:38:17
MOSTRAR_USUARIOS -> Realizado el 3-3-2016 a las 4:38:27
AGREGAR_USUARIO usuario1 u1password -> Realizado el 3-3-2016 a las 4:41:30
AGREGAR_USUARIO usuario2 u2password -> Realizado el 3-3-2016 a las 4:41:30
AGREGAR_USUARIO usuario3 u3password -> Realizado el 3-3-2016 a las 4:41:30
AGREGAR_USUARIO usuario4 u4password -> Realizado el 3-3-2016 a las 4:41:30
AGREGAR_USUARIO usuario5 u5password -> Realizado el 3-3-2016 a las 4:41:30
AGREGAR_USUARIO usuario6 u6password -> Realizado el 3-3-2016 a las 4:41:30
MOSTRAR_USUARIOS -> Realizado el 3-3-2016 a las 4:41:36
AGREGAR_USUARIO usuario1 u1password -> Realizado el 3-3-2016 a las 4:49:19
AGREGAR_USUARIO usuario2 u2password -> Realizado el 3-3-2016 a las 4:49:19
AGREGAR_USUARIO usuario3 u3password -> Realizado el 3-3-2016 a las 4:49:19
AGREGAR_USUARIO usuario4 u4password -> Realizado el 3-3-2016 a las 4:49:19
AGREGAR_USUARIO usuario5 u5password -> Realizado el 3-3-2016 a las 4:49:19
AGREGAR_USUARIO usuario6 u6password -> Realizado el 3-3-2016 a las 4:49:19
MOSTRAR_USUARIOS -> Realizado el 3-3-2016 a las 4:49:30
AGREGAR_USUARIO usuario1 u1password -> Realizado el 3-3-2016 a las 4:53:10
AGREGAR_USUARIO usuario2 u2password -> Realizado el 3-3-2016 a las 4:53:10
AGREGAR_USUARIO usuario3 u3password -> Realizado el 3-3-2016 a las 4:53:10
AGREGAR_USUARIO usuario4 u4password -> Realizado el 3-3-2016 a las 4:53:10
AGREGAR_USUARIO usuario5 u5password -> Realizado el 3-3-2016 a las 4:53:10
AGREGAR_USUARIO usuario6 u6password -> Realizado el 3-3-2016 a las 4:53:10
MOSTRAR_USUARIOS -> Realizado el 3-3-2016 a las 4:53:15
AGREGAR_USUARIO usuario1 u1password -> Realizado el 3-3-2016 a las 4:55:9
AGREGAR_USUARIO usuario2 u2password -> Realizado el 3-3-2016 a las 4:55:9
AGREGAR_USUARIO usuario3 u3password -> Realizado el 3-3-2016 a las 4:55:9
AGREGAR_USUARIO usuario4 u4password -> Realizado el 3-3-2016 a las 4:55:9
AGREGAR_USUARIO usuario5 u5password -> Realizado el 3-3-2016 a las 4:55:9
AGREGAR_USUARIO usuario6 u6password -> Realizado el 3-3-2016 a las 4:55:9
MOSTRAR_USUARIOS -> Realizado el 3-3-2016 a las 4:55:52
MOSTRAR_USUARIOS -> Realizado el 3-3-2016 a las 4:56:23
AGREGAR_USUARIO usuario1 u1password -> Realizado el 3-3-2016 a las 4:57:14
AGREGAR_USUARIO usuario2 u2password -> Realizado el 3-3-2016 a las 4:57:14
AGREGAR_USUARIO usuario3 u3password -> Realizado el 3-3-2016 a las 4:57:14
AGREGAR_USUARIO usuario4 u4password -> Realizado el 3-3-2016 a las 4:57:14
AGREGAR_USUARIO usuario5 u5password -> Realizado el 3-3-2016 a las 4:57:14
AGREGAR_USUARIO usuario6 u6password -> Realizado el 3-3-2016 a las 4:57:14
MOSTRAR_USUARIOS -> Realizado el 3-3-2016 a las 4:57:38
MOSTRAR_USUARIOS -> Realizado el 3-3-2016 a las 4:58:5
AGREGAR_USUARIO usuario1 u1password -> Realizado el 3-3-2016 a las 4:59:25
AGREGAR_USUARIO usuario2 u2password -> Realizado el 3-3-2016 a las 4:59:25
AGREGAR_USUARIO usuario3 u3password -> Realizado el 3-3-2016 a las 4:59:25
AGREGAR_USUARIO usuario4 u4password -> Realizado el 3-3-2016 a las 4:59:25
AGREGAR_USUARIO usuario5 u5password -> Realizado el 3-3-2016 a las 4:59:25
AGREGAR_USUARIO usuario6 u6password -> Realizado el 3-3-2016 a las 4:59:25
MOSTRAR_USUARIOS -> Realizado el 3-3-2016 a las 4:59:30
AGREGAR_USUARIO usuario1 u1password -> Realizado el 3-3-2016 a las 5:1:14
AGREGAR_USUARIO usuario2 u2password -> Realizado el 3-3-2016 a las 5:1:14
AGREGAR_USUARIO usuario3 u3password -> Realizado el 3-3-2016 a las 5:1:14
AGREGAR_USUARIO usuario4 u4password -> Realizado el 3-3-2016 a las 5:1:14
AGREGAR_USUARIO usuario5 u5password -> Realizado el 3-3-2016 a las 5:1:14
AGREGAR_USUARIO usuario6 u6password -> Realizado el 3-3-2016 a las 5:1:14
MOSTRAR_USUARIOS -> Realizado el 3-3-2016 a las 5:1:18
MOSTRAR_USUARIOS -> Realizado el 3-3-2016 a las 5:2:26
AGREGAR_USUARIO usuario1 u1password -> Realizado el 3-3-2016 a las 5:4:49
AGREGAR_USUARIO usuario2 u2password -> Realizado el 3-3-2016 a las 5:4:49
AGREGAR_USUARIO usuario3 u3password -> Realizado el 3-3-2016 a las 5:4:49
AGREGAR_USUARIO usuario4 u4password -> Realizado el 3-3-2016 a las 5:4:49
AGREGAR_USUARIO usuario5 u5password -> Realizado el 3-3-2016 a las 5:4:49
AGREGAR_USUARIO usuario6 u6password -> Realizado el 3-3-2016 a las 5:4:49
MOSTRAR_USUARIOS -> Realizado el 3-3-2016 a las 5:5:38
AGREGAR_USUARIO usuario1 u1password -> Realizado el 3-3-2016 a las 5:13:14
AGREGAR_USUARIO usuario2 u2password -> Realizado el 3-3-2016 a las 5:13:14
AGREGAR_USUARIO usuario3 u3password -> Realizado el 3-3-2016 a las 5:13:14
AGREGAR_USUARIO usuario4 u4password -> Realizado el 3-3-2016 a las 5:13:14
AGREGAR_USUARIO usuario5 u5password -> Realizado el 3-3-2016 a las 5:13:14
AGREGAR_USUARIO usuario6 u6password -> Realizado el 3-3-2016 a las 5:13:14
AGREGAR_USUARIO usuario1 u1password -> Realizado el 3-3-2016 a las 5:15:6
AGREGAR_USUARIO usuario2 u2password -> Realizado el 3-3-2016 a las 5:15:6
AGREGAR_USUARIO usuario3 u3password -> Realizado el 3-3-2016 a las 5:15:6
AGREGAR_USUARIO usuario4 u4password -> Realizado el 3-3-2016 a las 5:15:6
AGREGAR_USUARIO usuario5 u5password -> Realizado el 3-3-2016 a las 5:15:6
AGREGAR_USUARIO usuario6 u6password -> Realizado el 3-3-2016 a las 5:15:6
MOSTRAR_USUARIOS -> Realizado el 3-3-2016 a las 5:15:30
AGREGAR_USUARIO usuario1 u1password -> Realizado el 3-3-2016 a las 5:16:33
AGREGAR_USUARIO usuario2 u2password -> Realizado el 3-3-2016 a las 5:16:33
AGREGAR_USUARIO usuario3 u3password -> Realizado el 3-3-2016 a las 5:16:33
AGREGAR_USUARIO usuario4 u4password -> Realizado el 3-3-2016 a las 5:16:33
AGREGAR_USUARIO usuario5 u5password -> Realizado el 3-3-2016 a las 5:16:33
AGREGAR_USUARIO usuario6 u6password -> Realizado el 3-3-2016 a las 5:16:33
MOSTRAR_USUARIOS -> Realizado el 3-3-2016 a las 5:16:49
AGREGAR_USUARIO usuario1 u1password -> Realizado el 3-3-2016 a las 5:20:17
AGREGAR_USUARIO usuario2 u2password -> Realizado el 3-3-2016 a las 5:20:17
AGREGAR_USUARIO usuario3 u3password -> Realizado el 3-3-2016 a las 5:20:17
AGREGAR_USUARIO usuario4 u4password -> Realizado el 3-3-2016 a las 5:20:17
AGREGAR_USUARIO usuario5 u5password -> Realizado el 3-3-2016 a las 5:20:17
AGREGAR_USUARIO usuario6 u6password -> Realizado el 3-3-2016 a las 5:20:17
MOSTRAR_USUARIOS -> Realizado el 3-3-2016 a las 5:21:20
AGREGAR_USUARIO usuario1 u1password -> Realizado el 3-3-2016 a las 5:22:12
AGREGAR_USUARIO usuario2 u2password -> Realizado el 3-3-2016 a las 5:22:12
AGREGAR_USUARIO usuario3 u3password -> Realizado el 3-3-2016 a las 5:22:12
AGREGAR_USUARIO usuario4 u4password -> Realizado el 3-3-2016 a las 5:22:12
AGREGAR_USUARIO usuario5 u5password -> Realizado el 3-3-2016 a las 5:22:12
AGREGAR_USUARIO usuario6 u6password -> Realizado el 3-3-2016 a las 5:22:12
MOSTRAR_USUARIOS -> Realizado el 3-3-2016 a las 5:22:36
AGREGAR_GENERO infantil -> Realizado el 5-3-2016 a las 9:50:51
AGREGAR_GENERO fantasia -> Realizado el 5-3-2016 a las 9:50:51
AGREGAR_GENERO cuento -> Realizado el 5-3-2016 a las 9:50:51
AGREGAR_GENERO aventura -> Realizado el 5-3-2016 a las 9:50:51
MOSTRAR_GENEROS -> Realizado el 5-3-2016 a las 9:51:16
AGREGAR_GENERO infantil -> Realizado el 5-3-2016 a las 9:51:40
AGREGAR_GENERO fantasia -> Realizado el 5-3-2016 a las 9:51:40
AGREGAR_GENERO cuento -> Realizado el 5-3-2016 a las 9:51:40
AGREGAR_GENERO aventura -> Realizado el 5-3-2016 a las 9:51:40
MOSTRAR_GENEROS -> Realizado el 5-3-2016 a las 9:51:56
AGREGAR_AUTOR autor1 -> Realizado el 5-3-2016 a las 10:22:13
AGREGAR_AUTOR autor2 -> Realizado el 5-3-2016 a las 10:22:13
AGREGAR_AUTOR autor3 -> Realizado el 5-3-2016 a las 10:22:13
AGREGAR_AUTOR autor4 -> Realizado el 5-3-2016 a las 10:22:13
MOSTRAR_AUTORES -> Realizado el 5-3-2016 a las 10:22:30
AGREGAR_AUTOR autor1 -> Realizado el 5-3-2016 a las 10:23:30
AGREGAR_AUTOR autor2 -> Realizado el 5-3-2016 a las 10:23:30
AGREGAR_AUTOR autor3 -> Realizado el 5-3-2016 a las 10:23:30
AGREGAR_AUTOR autor4 -> Realizado el 5-3-2016 a las 10:23:30
AGREGAR_AUTOR autor1 -> Realizado el 5-3-2016 a las 10:24:41
AGREGAR_AUTOR autor2 -> Realizado el 5-3-2016 a las 10:24:41
AGREGAR_AUTOR autor3 -> Realizado el 5-3-2016 a las 10:24:41
AGREGAR_AUTOR autor4 -> Realizado el 5-3-2016 a las 10:24:41
AGREGAR_AUTOR autor1 -> Realizado el 5-3-2016 a las 10:25:30
AGREGAR_AUTOR autor2 -> Realizado el 5-3-2016 a las 10:25:30
AGREGAR_AUTOR autor3 -> Realizado el 5-3-2016 a las 10:25:30
AGREGAR_AUTOR autor4 -> Realizado el 5-3-2016 a las 10:25:30
AGREGAR_AUTOR autor1 -> Realizado el 5-3-2016 a las 10:27:31
AGREGAR_AUTOR autor2 -> Realizado el 5-3-2016 a las 10:27:31
AGREGAR_AUTOR autor3 -> Realizado el 5-3-2016 a las 10:27:31
AGREGAR_AUTOR autor4 -> Realizado el 5-3-2016 a las 10:27:31
AGREGAR_AUTOR autor1 -> Realizado el 5-3-2016 a las 10:31:30
AGREGAR_AUTOR autor2 -> Realizado el 5-3-2016 a las 10:31:30
AGREGAR_AUTOR autor3 -> Realizado el 5-3-2016 a las 10:31:30
AGREGAR_AUTOR autor4 -> Realizado el 5-3-2016 a las 10:31:30
AGREGAR_AUTOR autor1 -> Realizado el 5-3-2016 a las 10:35:35
AGREGAR_AUTOR autor2 -> Realizado el 5-3-2016 a las 10:35:35
AGREGAR_AUTOR autor3 -> Realizado el 5-3-2016 a las 10:35:35
AGREGAR_AUTOR autor4 -> Realizado el 5-3-2016 a las 10:35:35
AGREGAR_EDITORIAL editorial2 -> Realizado el 5-3-2016 a las 10:35:39
AGREGAR_EDITORIAL editorial3 -> Realizado el 5-3-2016 a las 10:35:39
AGREGAR_EDITORIAL editorial4 -> Realizado el 5-3-2016 a las 10:35:39
MOSTRAR_EDITORIALES -> Realizado el 5-3-2016 a las 10:35:45
AGREGAR_AUTOR autor1 -> Realizado el 5-3-2016 a las 10:37:26
AGREGAR_AUTOR autor2 -> Realizado el 5-3-2016 a las 10:37:26
AGREGAR_AUTOR autor3 -> Realizado el 5-3-2016 a las 10:37:26
AGREGAR_AUTOR autor4 -> Realizado el 5-3-2016 a las 10:37:26
AGREGAR_EDITORIAL editorial2 -> Realizado el 5-3-2016 a las 10:37:32
AGREGAR_EDITORIAL editorial3 -> Realizado el 5-3-2016 a las 10:37:32
AGREGAR_EDITORIAL editorial4 -> Realizado el 5-3-2016 a las 10:37:32
AGREGAR_GENERO infantil -> Realizado el 5-3-2016 a las 10:40:4
AGREGAR_GENERO fantasia -> Realizado el 5-3-2016 a las 10:40:4
AGREGAR_GENERO cuento -> Realizado el 5-3-2016 a las 10:40:4
AGREGAR_GENERO aventura -> Realizado el 5-3-2016 a las 10:40:4
SALIR -> Realizado el 5-3-2016 a las 10:40:10
AGREGAR_AUTOR autor1 -> Realizado el 5-3-2016 a las 10:40:15
AGREGAR_AUTOR autor2 -> Realizado el 5-3-2016 a las 10:40:15
AGREGAR_AUTOR autor3 -> Realizado el 5-3-2016 a las 10:40:15
AGREGAR_AUTOR autor4 -> Realizado el 5-3-2016 a las 10:40:15
AGREGAR_EDITORIAL editorial2 -> Realizado el 5-3-2016 a las 10:40:19
AGREGAR_EDITORIAL editorial3 -> Realizado el 5-3-2016 a las 10:40:19
AGREGAR_EDITORIAL editorial4 -> Realizado el 5-3-2016 a las 10:40:19
AGREGAR_AUTOR autor1 -> Realizado el 5-3-2016 a las 10:43:49
AGREGAR_AUTOR autor2 -> Realizado el 5-3-2016 a las 10:43:49
AGREGAR_AUTOR autor3 -> Realizado el 5-3-2016 a las 10:43:49
AGREGAR_AUTOR autor4 -> Realizado el 5-3-2016 a las 10:43:49
AGREGAR_EDITORIAL editorial2 -> Realizado el 5-3-2016 a las 10:43:53
AGREGAR_EDITORIAL editorial3 -> Realizado el 5-3-2016 a las 10:43:53
AGREGAR_EDITORIAL editorial4 -> Realizado el 5-3-2016 a las 10:43:53
AGREGAR_GENERO infantil -> Realizado el 5-3-2016 a las 10:43:57
AGREGAR_GENERO fantasia -> Realizado el 5-3-2016 a las 10:43:57
AGREGAR_GENERO cuento -> Realizado el 5-3-2016 a las 10:43:57
AGREGAR_GENERO aventura -> Realizado el 5-3-2016 a las 10:43:57
AGREGAR_EDITORIAL editorial2 -> Realizado el 5-3-2016 a las 10:45:23
AGREGAR_EDITORIAL editorial3 -> Realizado el 5-3-2016 a las 10:45:23
AGREGAR_EDITORIAL editorial4 -> Realizado el 5-3-2016 a las 10:45:23
AGREGAR_AUTOR autor1 -> Realizado el 5-3-2016 a las 10:45:27
AGREGAR_AUTOR autor2 -> Realizado el 5-3-2016 a las 10:45:27
AGREGAR_AUTOR autor3 -> Realizado el 5-3-2016 a las 10:45:27
AGREGAR_AUTOR autor4 -> Realizado el 5-3-2016 a las 10:45:27
AGREGAR_AUTOR autor1 -> Realizado el 5-3-2016 a las 10:45:36
AGREGAR_AUTOR autor2 -> Realizado el 5-3-2016 a las 10:45:36
AGREGAR_AUTOR autor3 -> Realizado el 5-3-2016 a las 10:45:36
AGREGAR_AUTOR autor4 -> Realizado el 5-3-2016 a las 10:45:36
AGREGAR_EDITORIAL editorial2 -> Realizado el 5-3-2016 a las 10:45:40
AGREGAR_EDITORIAL editorial3 -> Realizado el 5-3-2016 a las 10:45:40
AGREGAR_EDITORIAL editorial4 -> Realizado el 5-3-2016 a las 10:45:40
AGREGAR_GENERO infantil -> Realizado el 5-3-2016 a las 10:45:44
AGREGAR_GENERO fantasia -> Realizado el 5-3-2016 a las 10:45:44
AGREGAR_GENERO cuento -> Realizado el 5-3-2016 a las 10:45:44
AGREGAR_GENERO aventura -> Realizado el 5-3-2016 a las 10:45:44
AGREGAR_AUTOR autor1 -> Realizado el 5-3-2016 a las 10:50:36
AGREGAR_AUTOR autor2 -> Realizado el 5-3-2016 a las 10:50:36
AGREGAR_AUTOR autor3 -> Realizado el 5-3-2016 a las 10:50:36
AGREGAR_AUTOR autor4 -> Realizado el 5-3-2016 a las 10:50:36
AGREGAR_EDITORIAL editorial2 -> Realizado el 5-3-2016 a las 10:50:41
AGREGAR_EDITORIAL editorial3 -> Realizado el 5-3-2016 a las 10:50:41
AGREGAR_EDITORIAL editorial4 -> Realizado el 5-3-2016 a las 10:50:42
AGREGAR_GENERO infantil -> Realizado el 5-3-2016 a las 10:50:47
AGREGAR_GENERO fantasia -> Realizado el 5-3-2016 a las 10:50:47
AGREGAR_GENERO cuento -> Realizado el 5-3-2016 a las 10:50:47
AGREGAR_GENERO aventura -> Realizado el 5-3-2016 a las 10:50:47
AGREGAR_LIBRO autor3 3 cuento 123456 libro 12.50 -> Realizado el 5-3-2016 a las 10:51:6
MOSTRAR_LIBROS -> Realizado el 5-3-2016 a las 10:51:12
AGREGAR_AUTOR autor1 -> Realizado el 5-3-2016 a las 10:55:16
AGREGAR_AUTOR autor2 -> Realizado el 5-3-2016 a las 10:55:16
AGREGAR_AUTOR autor3 -> Realizado el 5-3-2016 a las 10:55:16
AGREGAR_AUTOR autor4 -> Realizado el 5-3-2016 a las 10:55:16
AGREGAR_GENERO infantil -> Realizado el 5-3-2016 a las 10:55:20
AGREGAR_GENERO fantasia -> Realizado el 5-3-2016 a las 10:55:20
AGREGAR_GENERO cuento -> Realizado el 5-3-2016 a las 10:55:20
AGREGAR_GENERO aventura -> Realizado el 5-3-2016 a las 10:55:20
AGREGAR_EDITORIAL editorial2 -> Realizado el 5-3-2016 a las 10:55:23
AGREGAR_EDITORIAL editorial3 -> Realizado el 5-3-2016 a las 10:55:23
AGREGAR_EDITORIAL editorial4 -> Realizado el 5-3-2016 a las 10:55:23
AGREGAR_LIBRO autor3 3 cuento 123456 libro1 12.50 -> Realizado el 5-3-2016 a las 10:55:49
AGREGAR_LIBRO autor4 0 infantil 321654 libro2 12.30 -> Realizado el 5-3-2016 a las 10:56:11
MOSTRAR_LIBROS -> Realizado el 5-3-2016 a las 10:56:15
AGREGAR_LIBRO Autor1 3 0 2563251 libro1 25.01 -> Realizado el 5-3-2016 a las 10:56:52
MOSTRAR_LIBROS -> Realizado el 5-3-2016 a las 10:57:1
AGREGAR_AUTOR autor1 -> Realizado el 5-3-2016 a las 11:12:46
AGREGAR_AUTOR autor2 -> Realizado el 5-3-2016 a las 11:12:46
AGREGAR_AUTOR autor3 -> Realizado el 5-3-2016 a las 11:12:46
AGREGAR_AUTOR autor4 -> Realizado el 5-3-2016 a las 11:12:46
AGREGAR_EDITORIAL editorial2 -> Realizado el 5-3-2016 a las 11:12:50
AGREGAR_EDITORIAL editorial3 -> Realizado el 5-3-2016 a las 11:12:50
AGREGAR_EDITORIAL editorial4 -> Realizado el 5-3-2016 a las 11:12:50
AGREGAR_GENERO infantil -> Realizado el 5-3-2016 a las 11:12:54
AGREGAR_GENERO fantasia -> Realizado el 5-3-2016 a las 11:12:54
AGREGAR_GENERO cuento -> Realizado el 5-3-2016 a las 11:12:54
AGREGAR_GENERO aventura -> Realizado el 5-3-2016 a las 11:12:54
AGREGAR_LIBRO autor3 3 cuento 12345 libro1 12.50 -> Realizado el 5-3-2016 a las 11:13:11
AGREGAR_LIBRO 3 1 3 46465 libro2 25.01 -> Realizado el 5-3-2016 a las 11:14:11
MOSTRAR_LIBROS -> Realizado el 5-3-2016 a las 11:14:16
SALIR -> Realizado el 5-3-2016 a las 11:16:25
AGREGAR_LIBRO 0 3 2 21456 libro1 52.10 -> Realizado el 5-3-2016 a las 11:16:28
MOSTRAR_LIBROS -> Realizado el 5-3-2016 a las 11:16:46
AGREGAR_AUTOR autor1 -> Realizado el 5-3-2016 a las 11:20:35
AGREGAR_AUTOR autor2 -> Realizado el 5-3-2016 a las 11:20:35
AGREGAR_AUTOR autor3 -> Realizado el 5-3-2016 a las 11:20:35
AGREGAR_AUTOR autor4 -> Realizado el 5-3-2016 a las 11:20:35
AGREGAR_EDITORIAL editorial2 -> Realizado el 5-3-2016 a las 11:20:39
AGREGAR_EDITORIAL editorial3 -> Realizado el 5-3-2016 a las 11:20:39
AGREGAR_EDITORIAL editorial4 -> Realizado el 5-3-2016 a las 11:20:39
AGREGAR_GENERO infantil -> Realizado el 5-3-2016 a las 11:20:45
AGREGAR_GENERO fantasia -> Realizado el 5-3-2016 a las 11:20:45
AGREGAR_GENERO cuento -> Realizado el 5-3-2016 a las 11:20:45
AGREGAR_GENERO aventura -> Realizado el 5-3-2016 a las 11:20:45
AGREGAR_LIBRO ASDDSF 3 0 1321 libro1 12.50 -> Realizado el 5-3-2016 a las 11:21:5
AGREGAR_AUTOR autor1 -> Realizado el 5-3-2016 a las 11:26:5
AGREGAR_AUTOR autor2 -> Realizado el 5-3-2016 a las 11:26:5
AGREGAR_AUTOR autor3 -> Realizado el 5-3-2016 a las 11:26:5
AGREGAR_AUTOR autor4 -> Realizado el 5-3-2016 a las 11:26:5
AGREGAR_EDITORIAL editorial2 -> Realizado el 5-3-2016 a las 11:26:9
AGREGAR_EDITORIAL editorial3 -> Realizado el 5-3-2016 a las 11:26:9
AGREGAR_EDITORIAL editorial4 -> Realizado el 5-3-2016 a las 11:26:9
AGREGAR_GENERO infantil -> Realizado el 5-3-2016 a las 11:26:13
AGREGAR_GENERO fantasia -> Realizado el 5-3-2016 a las 11:26:13
AGREGAR_GENERO cuento -> Realizado el 5-3-2016 a las 11:26:13
AGREGAR_GENERO aventura -> Realizado el 5-3-2016 a las 11:26:13
AGREGAR_AUTOR autor1 -> Realizado el 5-3-2016 a las 11:27:59
AGREGAR_AUTOR autor2 -> Realizado el 5-3-2016 a las 11:27:59
AGREGAR_AUTOR autor3 -> Realizado el 5-3-2016 a las 11:27:59
AGREGAR_AUTOR autor4 -> Realizado el 5-3-2016 a las 11:27:59
AGREGAR_EDITORIAL editorial2 -> Realizado el 5-3-2016 a las 11:28:2
AGREGAR_EDITORIAL editorial3 -> Realizado el 5-3-2016 a las 11:28:2
AGREGAR_EDITORIAL editorial4 -> Realizado el 5-3-2016 a las 11:28:2
AGREGAR_GENERO infantil -> Realizado el 5-3-2016 a las 11:28:7
AGREGAR_GENERO fantasia -> Realizado el 5-3-2016 a las 11:28:7
AGREGAR_GENERO cuento -> Realizado el 5-3-2016 a las 11:28:7
AGREGAR_GENERO aventura -> Realizado el 5-3-2016 a las 11:28:7
AGREGAR_EDITORIAL editorial2 -> Realizado el 5-3-2016 a las 11:31:7
AGREGAR_EDITORIAL editorial3 -> Realizado el 5-3-2016 a las 11:31:7
AGREGAR_EDITORIAL editorial4 -> Realizado el 5-3-2016 a las 11:31:7
AGREGAR_AUTOR autor1 -> Realizado el 5-3-2016 a las 11:31:11
AGREGAR_AUTOR autor2 -> Realizado el 5-3-2016 a las 11:31:11
AGREGAR_AUTOR autor3 -> Realizado el 5-3-2016 a las 11:31:11
AGREGAR_AUTOR autor4 -> Realizado el 5-3-2016 a las 11:31:11
AGREGAR_GENERO infantil -> Realizado el 5-3-2016 a las 11:31:14
AGREGAR_GENERO fantasia -> Realizado el 5-3-2016 a las 11:31:14
AGREGAR_GENERO cuento -> Realizado el 5-3-2016 a las 11:31:14
AGREGAR_GENERO aventura -> Realizado el 5-3-2016 a las 11:31:14
MOSTRAR_EDITORIALES -> Realizado el 5-3-2016 a las 11:31:53
MOSTRAR_GENEROS -> Realizado el 5-3-2016 a las 11:34:52
AGREGAR_AUTOR autor1 -> Realizado el 5-3-2016 a las 11:36:38
AGREGAR_AUTOR autor2 -> Realizado el 5-3-2016 a las 11:36:38
AGREGAR_AUTOR autor3 -> Realizado el 5-3-2016 a las 11:36:38
AGREGAR_AUTOR autor4 -> Realizado el 5-3-2016 a las 11:36:38
AGREGAR_EDITORIAL editorial2 -> Realizado el 5-3-2016 a las 11:36:41
AGREGAR_EDITORIAL editorial3 -> Realizado el 5-3-2016 a las 11:36:41
AGREGAR_EDITORIAL editorial4 -> Realizado el 5-3-2016 a las 11:36:41
AGREGAR_GENERO infantil -> Realizado el 5-3-2016 a las 11:36:45
AGREGAR_GENERO fantasia -> Realizado el 5-3-2016 a las 11:36:45
AGREGAR_GENERO cuento -> Realizado el 5-3-2016 a las 11:36:45
AGREGAR_GENERO aventura -> Realizado el 5-3-2016 a las 11:36:45
AGREGAR_AUTOR autor1 -> Realizado el 5-3-2016 a las 11:38:22
AGREGAR_AUTOR autor2 -> Realizado el 5-3-2016 a las 11:38:22
AGREGAR_AUTOR autor3 -> Realizado el 5-3-2016 a las 11:38:22
AGREGAR_AUTOR autor4 -> Realizado el 5-3-2016 a las 11:38:22
AGREGAR_EDITORIAL editorial2 -> Realizado el 5-3-2016 a las 11:38:28
AGREGAR_EDITORIAL editorial3 -> Realizado el 5-3-2016 a las 11:38:28
AGREGAR_EDITORIAL editorial4 -> Realizado el 5-3-2016 a las 11:38:28
AGREGAR_GENERO infantil -> Realizado el 5-3-2016 a las 11:38:31
AGREGAR_GENERO fantasia -> Realizado el 5-3-2016 a las 11:38:31
AGREGAR_GENERO cuento -> Realizado el 5-3-2016 a las 11:38:31
AGREGAR_GENERO aventura -> Realizado el 5-3-2016 a las 11:38:31
AGREGAR_LIBRO autor3 editorial3 cuento 2343 libro1 23 -> Realizado el 5-3-2016 a las 11:38:52
MOSTRAR_LIBROS -> Realizado el 5-3-2016 a las 11:39:36
MOSTRAR_GENEROS -> Realizado el 5-3-2016 a las 11:40:12
AGREGAR_EDITORIAL editorial2 -> Realizado el 5-3-2016 a las 11:42:33
AGREGAR_EDITORIAL editorial3 -> Realizado el 5-3-2016 a las 11:42:33
AGREGAR_EDITORIAL editorial4 -> Realizado el 5-3-2016 a las 11:42:33
AGREGAR_AUTOR autor1 -> Realizado el 5-3-2016 a las 11:42:37
AGREGAR_AUTOR autor2 -> Realizado el 5-3-2016 a las 11:42:37
AGREGAR_AUTOR autor3 -> Realizado el 5-3-2016 a las 11:42:37
AGREGAR_AUTOR autor4 -> Realizado el 5-3-2016 a las 11:42:37
AGREGAR_GENERO infantil -> Realizado el 5-3-2016 a las 11:42:41
AGREGAR_GENERO fantasia -> Realizado el 5-3-2016 a las 11:42:41
AGREGAR_GENERO cuento -> Realizado el 5-3-2016 a las 11:42:41
AGREGAR_GENERO aventura -> Realizado el 5-3-2016 a las 11:42:41
AGREGAR_LIBRO autor3 editorial3 cuento 34234 libro1 3123 -> Realizado el 5-3-2016 a las 11:42:54
SALIR -> Realizado el 5-3-2016 a las 11:43:36
